D:\PROJECTS\LOOKIN20\LOOKIN20\RELEASE\LOOKIN20.OBJ
D:\PROJECTS\LOOKIN20\LOOKIN20\RELEASE\VC110.PDB
D:\PROJECTS\LOOKIN20\LOOKIN20\RELEASE\MYRAND.OBJ
D:\PROJECTS\LOOKIN20\LOOKIN20\RELEASE\MYPROG.OBJ
D:\PROJECTS\LOOKIN20\LOOKIN20\RELEASE\MYNET.OBJ
D:\PROJECTS\LOOKIN20\LOOKIN20\RELEASE\MYIO.OBJ
D:\PROJECTS\LOOKIN20\LOOKIN20\RELEASE\MYCOM.OBJ
D:\Projects\LookIn20\LookIn20\Release\LookIn20.obj
D:\Projects\LookIn20\LookIn20\Release\mycom.obj
D:\Projects\LookIn20\LookIn20\Release\myio.obj
D:\Projects\LookIn20\LookIn20\Release\mynet.obj
D:\Projects\LookIn20\LookIn20\Release\myprog.obj
D:\Projects\LookIn20\LookIn20\Release\myrand.obj
D:\Projects\LookIn20\LookIn20\Release\cl.command.1.tlog
D:\Projects\LookIn20\LookIn20\Release\CL.read.1.tlog
D:\Projects\LookIn20\LookIn20\Release\CL.write.1.tlog
D:\Projects\LookIn20\LookIn20\Release\link.command.1.tlog
D:\Projects\LookIn20\LookIn20\Release\link.read.1.tlog
D:\Projects\LookIn20\LookIn20\Release\link.write.1.tlog
D:\Projects\LookIn20\LookIn20\Release\vc110.pdb
