D:\PROJECTS\LOOKIN20\KOLOBYLINA1\X64\RELEASE\MYRAND.OBJ
D:\PROJECTS\LOOKIN20\KOLOBYLINA1\X64\RELEASE\MYPROG.OBJ
D:\PROJECTS\LOOKIN20\KOLOBYLINA1\X64\RELEASE\MYNET.OBJ
D:\PROJECTS\LOOKIN20\KOLOBYLINA1\X64\RELEASE\MYIO.OBJ
D:\PROJECTS\LOOKIN20\KOLOBYLINA1\X64\RELEASE\MYCOM.OBJ
D:\PROJECTS\LOOKIN20\KOLOBYLINA1\X64\RELEASE\KOLOBYLINA1.OBJ
D:\PROJECTS\LOOKIN20\KOLOBYLINA1\X64\RELEASE\VC110.PDB
D:\PROJECTS\LOOKIN20\X64\RELEASE\KOLOBYLINA1.EXE
D:\Projects\LookIn20\Kolobylina1\x64\Release\Kolobylina1.obj
D:\Projects\LookIn20\Kolobylina1\x64\Release\mycom.obj
D:\Projects\LookIn20\Kolobylina1\x64\Release\myio.obj
D:\Projects\LookIn20\Kolobylina1\x64\Release\mynet.obj
D:\Projects\LookIn20\Kolobylina1\x64\Release\myprog.obj
D:\Projects\LookIn20\Kolobylina1\x64\Release\myrand.obj
D:\Projects\LookIn20\Kolobylina1\x64\Release\cl.command.1.tlog
D:\Projects\LookIn20\Kolobylina1\x64\Release\CL.read.1.tlog
D:\Projects\LookIn20\Kolobylina1\x64\Release\CL.write.1.tlog
D:\Projects\LookIn20\Kolobylina1\x64\Release\link-cvtres.read.1.tlog
D:\Projects\LookIn20\Kolobylina1\x64\Release\link-cvtres.write.1.tlog
D:\Projects\LookIn20\Kolobylina1\x64\Release\link-rc.read.1.tlog
D:\Projects\LookIn20\Kolobylina1\x64\Release\link-rc.write.1.tlog
D:\Projects\LookIn20\Kolobylina1\x64\Release\link.command.1.tlog
D:\Projects\LookIn20\Kolobylina1\x64\Release\link.read.1.tlog
D:\Projects\LookIn20\Kolobylina1\x64\Release\link.write.1.tlog
D:\Projects\LookIn20\Kolobylina1\x64\Release\vc110.pdb
D:\Projects\LookIn20\x64\Release\Kolobylina1.exe
